<?xml version="1.0" encoding="UTF-8"?>
<!-- Generated by org.testng.reporters.JUnitReportReporter -->
<testsuite name="com.alien.testng.demoTest" tests="1" time="0.001" ignored="0" failures="0" timestamp="06 九月 2017 11:05:32 GMT" skipped="0" hostname="windos7-PC" errors="0">
  <testcase name="TestNgLearn" time="0.001" classname="com.alien.testng.demoTest"/>
</testsuite> <!-- com.alien.testng.demoTest -->
